Dec 21 23:50 : state_file: failed to open /home/sean/.config/mpd/mpdstate: No such file or directory
Dec 21 23:50 : update: added /C418 - Minecraft - Volume Alpha - 01 Key.mp3
Dec 21 23:50 : update: added /C418 - Minecraft - Volume Alpha - 02 Door.mp3
Dec 21 23:50 : update: added /C418 - Minecraft - Volume Alpha - 03 Subwoofer Lullaby.mp3
Dec 21 23:50 : update: added /C418 - Minecraft - Volume Alpha - 04 Death.mp3
Dec 21 23:50 : update: added /C418 - Minecraft - Volume Alpha - 05 Living Mice.mp3
Dec 21 23:50 : update: added /C418 - Minecraft - Volume Alpha - 06 Moog City.mp3
Dec 21 23:50 : update: added /C418 - Minecraft - Volume Alpha - 07 Haggstrom.mp3
Dec 21 23:50 : update: added /C418 - Minecraft - Volume Alpha - 08 Minecraft.mp3
Dec 21 23:50 : update: added /C418 - Minecraft - Volume Alpha - 09 Oxygène.mp3
Dec 21 23:50 : update: added /C418 - Minecraft - Volume Alpha - 10 Équinoxe.mp3
Dec 21 23:50 : update: added /C418 - Minecraft - Volume Alpha - 11 Mice on Venus.mp3
Dec 21 23:50 : update: added /C418 - Minecraft - Volume Alpha - 12 Dry Hands.mp3
Dec 21 23:50 : update: added /C418 - Minecraft - Volume Alpha - 13 Wet Hands.mp3
Dec 21 23:50 : update: added /C418 - Minecraft - Volume Alpha - 14 Clark.mp3
Dec 21 23:50 : update: added /C418 - Minecraft - Volume Alpha - 15 Chris.mp3
Dec 21 23:50 : update: added /C418 - Minecraft - Volume Alpha - 16 Thirteen.mp3
Dec 21 23:50 : update: added /C418 - Minecraft - Volume Alpha - 17 Excuse.mp3
Dec 21 23:50 : update: added /C418 - Minecraft - Volume Alpha - 18 Sweden.mp3
Dec 21 23:50 : update: added /C418 - Minecraft - Volume Alpha - 19 Cat.mp3
Dec 21 23:50 : update: added /C418 - Minecraft - Volume Alpha - 20 Dog.mp3
Dec 21 23:50 : update: added /C418 - Minecraft - Volume Alpha - 21 Danny.mp3
Dec 21 23:50 : update: added /C418 - Minecraft - Volume Alpha - 22 Beginning.mp3
Dec 21 23:50 : update: added /C418 - Minecraft - Volume Alpha - 23 Droopy likes ricochet.mp3
Dec 21 23:50 : update: added /C418 - Minecraft - Volume Alpha - 24 Droopy likes your face.mp3
Dec 21 23:50 : update: added /zircon - Antigravity - 01 Prelude.mp3
Dec 21 23:50 : update: added /zircon - Antigravity - 02 Breathing You In -feat. Jillian Goldin-.mp3
Dec 21 23:50 : update: added /zircon - Antigravity - 03 Throwdown.mp3
Dec 21 23:50 : update: added /zircon - Antigravity - 04 Speed of Light.mp3
Dec 21 23:50 : update: added /zircon - Antigravity - 05 Standpipe Valve.mp3
Dec 21 23:50 : update: added /zircon - Antigravity - 06 Mindbender.mp3
Dec 21 23:50 : update: added /zircon - Antigravity - 07 Without Regret (Interlude).mp3
Dec 21 23:50 : update: added /zircon - Antigravity - 08 Depth Charge.mp3
Dec 21 23:50 : update: added /zircon - Antigravity - 09 Warhead.mp3
Dec 21 23:50 : update: added /zircon - Antigravity - 10 Ladder to the Sky.mp3
Dec 21 23:50 : update: added /zircon - Antigravity - 11 Nitronic.mp3
Dec 21 23:50 : update: added /zircon - Antigravity - 12 The Art of Zen.mp3
Dec 21 23:50 : update: added /zircon - Antigravity - 13 Antigravity -feat. Jillian Goldin-.mp3
Dec 21 23:50 : update: added Songs for the Cure - Songs for the Cure 11- Remedy MP3/Songs for the Cure - Songs for the Cure '11- Esuna - 01 Ebenebe Ga Egbu.mp3
Dec 21 23:50 : update: added Songs for the Cure - Songs for the Cure 11- Remedy MP3/Songs for the Cure - Songs for the Cure '11- Esuna - 02 Light Up the Whole Sky Like Fire.mp3
Dec 21 23:50 : update: added Songs for the Cure - Songs for the Cure 11- Remedy MP3/Songs for the Cure - Songs for the Cure '11- Esuna - 04 The Toll.mp3
Dec 21 23:50 : update: added Songs for the Cure - Songs for the Cure 11- Remedy MP3/Songs for the Cure - Songs for the Cure '11- Reiki - 01 Idavoll.mp3
Dec 21 23:50 : update: added Songs for the Cure - Songs for the Cure 11- Remedy MP3/Songs for the Cure - Songs for the Cure '11- Reiki - 06 Bra.mp3
Dec 21 23:50 : update: added Songs for the Cure - Songs for the Cure 11- Remedy MP3/Songs for the Cure - Songs for the Cure '11- Reiki - 15 So Blue.mp3
Dec 21 23:50 : update: added Songs for the Cure - Songs for the Cure 11- Remedy MP3/Songs for the Cure - Songs for the Cure '11- Remedy - 01 The Battle of Vyazma.mp3
Dec 21 23:50 : update: added Songs for the Cure - Songs for the Cure 11- Remedy MP3/Songs for the Cure - Songs for the Cure '11- Remedy - 02 Roboflamenco.mp3
Dec 21 23:50 : update: added Songs for the Cure - Songs for the Cure 11- Remedy MP3/Songs for the Cure - Songs for the Cure '11- Remedy - 03 Healing Mutations.mp3
Dec 21 23:50 : update: added Songs for the Cure - Songs for the Cure 11- Remedy MP3/Songs for the Cure - Songs for the Cure '11- Remedy - 04 Kite in June.mp3
Dec 21 23:50 : update: added Songs for the Cure - Songs for the Cure 11- Remedy MP3/Songs for the Cure - Songs for the Cure '11- Remedy - 07 The Long-Winded and Painful Death of Sweeney S Greenville.mp3
Dec 21 23:50 : update: added Songs for the Cure - Songs for the Cure 11- Remedy MP3/Songs for the Cure - Songs for the Cure '11- Remedy - 08 Skulltripper (feat. Random).mp3
Dec 21 23:50 : update: added Songs for the Cure - Songs for the Cure 11- Remedy MP3/Songs for the Cure - Songs for the Cure '11- Remedy - 09 64 Squares.mp3
Dec 21 23:50 : update: added Songs for the Cure - Songs for the Cure 11- Remedy MP3/Songs for the Cure - Songs for the Cure '11- Remedy - 10 Keep On.mp3
Dec 21 23:50 : update: added Songs for the Cure - Songs for the Cure 11- Remedy MP3/Songs for the Cure - Songs for the Cure '11- Remedy - 11 Cubic Zirconium.mp3
Dec 21 23:50 : update: added Songs for the Cure - Songs for the Cure 11- Remedy MP3/Songs for the Cure - Songs for the Cure '11- Remedy - 12 Lapis Lazuli.mp3
Dec 21 23:50 : update: added Songs for the Cure - Songs for the Cure 11- Remedy MP3/Songs for the Cure - Songs for the Cure '11- Remedy - 13 Requiem Aeternam (feat. Ryan C. Connelly).mp3
Dec 21 23:50 : update: added Songs for the Cure - Songs for the Cure 11- Remedy MP3/Songs for the Cure - Songs for the Cure '11- Remedy - 14 One Note Edit.mp3
Dec 21 23:50 : update: added Songs for the Cure - Songs for the Cure 11- Remedy MP3/Songs for the Cure - Songs for the Cure '11- Remedy - 15 Mind Eleven.mp3
Dec 21 23:50 : update: added Songs for the Cure - Songs for the Cure 11- Remedy MP3/Songs for the Cure - Songs for the Cure '11- Remedy - 16 Eight Weeks.mp3
Dec 21 23:50 : update: added Songs for the Cure - Songs for the Cure 11- Remedy MP3/Songs for the Cure - Songs for the Cure '11- Remedy - 17 Alba.mp3
Dec 21 23:50 : update: added Songs for the Cure - Songs for the Cure 11- Remedy MP3/Songs for the Cure - Songs for the Cure '11- Remedy - 18 Caustic.mp3
Dec 21 23:50 : update: added Songs for the Cure - Songs for the Cure 11- Remedy MP3/Songs for the Cure - Songs for the Cure '11- Remedy - 19 Rainbow Road to the Moon.mp3
Dec 21 23:50 : update: added Songs for the Cure - Songs for the Cure 11- Remedy MP3/Songs for the Cure - Songs for the Cure '11- Remedy - 20 Flames Grew Higher.mp3
Dec 21 23:50 : update: added Songs for the Cure - Songs for the Cure 11- Remedy MP3/Songs for the Cure - Songs for the Cure '11- Remedy - 21 Alone Without You.mp3
Dec 21 23:50 : update: added Songs for the Cure - Songs for the Cure 11- Remedy MP3/Songs for the Cure - Songs for the Cure '11- Remedy - 22 8-Bit Pimp (Just Pimp 'em Remix).mp3
Dec 22 01:54 : update: added /Josh Whelchel - Ravenmark- Scourge of Estellion (Original Soundtrack) - 01 Scourge of Estellion.mp3
Dec 22 01:54 : update: added /Josh Whelchel - Ravenmark- Scourge of Estellion (Original Soundtrack) - 02 Grievous Affairs.mp3
Dec 22 01:54 : update: added /Josh Whelchel - Ravenmark- Scourge of Estellion (Original Soundtrack) - 03 The Invocati.mp3
Dec 22 01:54 : update: added /Josh Whelchel - Ravenmark- Scourge of Estellion (Original Soundtrack) - 04 Gallant Hero Callius.mp3
Dec 22 01:54 : update: added /Josh Whelchel - Ravenmark- Scourge of Estellion (Original Soundtrack) - 05 Respite.mp3
Dec 22 01:54 : update: added /Josh Whelchel - Ravenmark- Scourge of Estellion (Original Soundtrack) - 06 Imperial Affairs.mp3
Dec 22 01:54 : update: added /Josh Whelchel - Ravenmark- Scourge of Estellion (Original Soundtrack) - 07 They Came from Shadow.mp3
Dec 22 01:54 : update: added /Josh Whelchel - Ravenmark- Scourge of Estellion (Original Soundtrack) - 08 Apoplectic (Estellion Battle A).mp3
Dec 22 01:54 : update: added /Josh Whelchel - Ravenmark- Scourge of Estellion (Original Soundtrack) - 09 Fanfare.mp3
Dec 22 01:54 : update: added /Josh Whelchel - Ravenmark- Scourge of Estellion (Original Soundtrack) - 10 Temporary Escape.mp3
Dec 22 01:54 : update: added /Josh Whelchel - Ravenmark- Scourge of Estellion (Original Soundtrack) - 11 Strike and Peril.mp3
Dec 22 01:54 : update: added /Josh Whelchel - Ravenmark- Scourge of Estellion (Original Soundtrack) - 12 Birth of a Raven.mp3
Dec 22 01:54 : update: added /Josh Whelchel - Ravenmark- Scourge of Estellion (Original Soundtrack) - 13 Alejo's Theme.mp3
Dec 22 01:54 : update: added /Josh Whelchel - Ravenmark- Scourge of Estellion (Original Soundtrack) - 14 Thaddeus' Theme.mp3
Dec 22 01:54 : update: added /Josh Whelchel - Ravenmark- Scourge of Estellion (Original Soundtrack) - 15 Swarm of the Suneater.mp3
Dec 22 01:54 : update: added /Josh Whelchel - Ravenmark- Scourge of Estellion (Original Soundtrack) - 16 Deception in Strife.mp3
Dec 22 01:54 : update: added /Josh Whelchel - Ravenmark- Scourge of Estellion (Original Soundtrack) - 17 Chicanery Within.mp3
Dec 22 01:54 : update: added /Josh Whelchel - Ravenmark- Scourge of Estellion (Original Soundtrack) - 18 Dissension (Estellion Battle B).mp3
Dec 22 01:54 : update: added /Josh Whelchel - Ravenmark- Scourge of Estellion (Original Soundtrack) - 19 Harper's Theme.mp3
Dec 22 01:54 : update: added /Josh Whelchel - Ravenmark- Scourge of Estellion (Original Soundtrack) - 20 Perplexity for a Devilish Heart.mp3
Dec 22 01:54 : update: added /Josh Whelchel - Ravenmark- Scourge of Estellion (Original Soundtrack) - 21 Alarm!.mp3
Dec 22 01:54 : update: added /Josh Whelchel - Ravenmark- Scourge of Estellion (Original Soundtrack) - 22 Climactic (Battle Jeopardy!).mp3
Dec 22 01:54 : update: added /Josh Whelchel - Ravenmark- Scourge of Estellion (Original Soundtrack) - 23 Cataclysm (Battle).mp3
Dec 22 01:54 : update: added /Josh Whelchel - Ravenmark- Scourge of Estellion (Original Soundtrack) - 24 Fell Raven.mp3
Dec 22 01:54 : update: added /Josh Whelchel - Ravenmark- Scourge of Estellion (Original Soundtrack) - 25 High Cost.mp3
Dec 22 01:54 : update: added /Josh Whelchel - Ravenmark- Scourge of Estellion (Original Soundtrack) - 26 Paroxysm in the Warchroots.mp3
Dec 22 01:54 : update: added /Josh Whelchel - Ravenmark- Scourge of Estellion (Original Soundtrack) - 27 Purposive (Battle).mp3
Dec 22 01:54 : update: added /Josh Whelchel - Ravenmark- Scourge of Estellion (Original Soundtrack) - 28 They're Hunted.mp3
Dec 22 01:54 : update: added /Josh Whelchel - Ravenmark- Scourge of Estellion (Original Soundtrack) - 29 Marvel of Shadow, Livia.mp3
Dec 22 01:54 : update: added /Josh Whelchel - Ravenmark- Scourge of Estellion (Original Soundtrack) - 30 Usun's Theme.mp3
Dec 22 01:54 : update: added /Josh Whelchel - Ravenmark- Scourge of Estellion (Original Soundtrack) - 31 Insidious.mp3
Dec 22 01:54 : update: added /Josh Whelchel - Ravenmark- Scourge of Estellion (Original Soundtrack) - 32 Tempestuous (Kaysan Battle A).mp3
Dec 22 01:54 : update: added /Josh Whelchel - Ravenmark- Scourge of Estellion (Original Soundtrack) - 33 And so it will fall....mp3
Dec 22 01:54 : update: added /Josh Whelchel - Ravenmark- Scourge of Estellion (Original Soundtrack) - 34 The Islemen.mp3
Dec 22 01:54 : update: added /Josh Whelchel - Ravenmark- Scourge of Estellion (Original Soundtrack) - 35 Precipitous (Kaysan Battle B).mp3
Dec 22 01:54 : update: added /Josh Whelchel - Ravenmark- Scourge of Estellion (Original Soundtrack) - 36 The Reiht.mp3
Dec 22 01:54 : update: added /Josh Whelchel - Ravenmark- Scourge of Estellion (Original Soundtrack) - 37 Walls of Atium.mp3
Dec 22 01:54 : update: added /Josh Whelchel - Ravenmark- Scourge of Estellion (Original Soundtrack) - 38 The Extremity (Battle).mp3
Dec 22 01:54 : update: added /Josh Whelchel - Ravenmark- Scourge of Estellion (Original Soundtrack) - 39 Vanquishment.mp3
Dec 22 01:54 : update: added /Josh Whelchel - Ravenmark- Scourge of Estellion (Original Soundtrack) - 40 Cloe's Theme (Bonus Track).mp3
Dec 22 01:54 : update: added /Josh Whelchel - Ravenmark- Scourge of Estellion (Original Soundtrack) - 41 Scourge of Estellion (BGC Reprise).mp3
Dec 22 01:54 : update: added /Josh Whelchel - Ravenmark- Scourge of Estellion (Original Soundtrack) - 42 Til Death Do Us Party.mp3
Dec 22 12:45 : player_thread: played "zircon - Antigravity - 01 Prelude.mp3"
Dec 22 12:50 : player_thread: played "zircon - Antigravity - 12 The Art of Zen.mp3"
Dec 22 12:54 : player_thread: played "C418 - Minecraft - Volume Alpha - 09 Oxygène.mp3"
Dec 22 12:55 : player_thread: played "zircon - Antigravity - 07 Without Regret (Interlude).mp3"
Dec 22 12:59 : player_thread: played "zircon - Antigravity - 10 Ladder to the Sky.mp3"
Dec 22 13:04 : player_thread: played "zircon - Antigravity - 11 Nitronic.mp3"
Dec 22 13:05 : player_thread: played "C418 - Minecraft - Volume Alpha - 23 Droopy likes ricochet.mp3"
Dec 22 13:08 : player_thread: played "zircon - Antigravity - 03 Throwdown.mp3"
Dec 22 13:16 : player_thread: played "zircon - Antigravity - 05 Standpipe Valve.mp3"
Dec 22 13:19 : update: added /01 - Give Me Everything.mp3
Dec 22 13:19 : update: added /01 - Good Girl.mp3
Dec 22 13:19 : update: added /01 - Homeless.mp3
Dec 22 13:19 : update: added /01 - Save The World (Radio Mix).mp3
Dec 22 13:19 : update: added /01 - We Don't Rock.mp3
Dec 22 13:19 : update: added /01 - You Make Me Feel...(Feat. Sabi).mp3
Dec 22 13:19 : update: added /02 - Rather Be.mp3
Dec 22 13:19 : update: added /02 - Scary Monsters And Nice Sprites.mp3
Dec 22 13:19 : update: added /03 - Spaceship (UK Radio Edit).mp3
Dec 22 13:19 : update: added /04 - Beautiful People (Feat. Benny Benassi) (Radio Edit).mp3
Dec 22 13:19 : update: added /05 - My House.mp3
Dec 22 13:19 : update: added /06 - Gimme Sympathy.mp3
Dec 22 13:19 : update: added /06 - House Music.mp3
Dec 22 13:19 : update: added /07 - Cinema (Feat. Gary Go) (Radio Edit).mp3
Dec 22 13:19 : update: added /08 - Electroman (Feat. T-Pain) (Clean Radio Edit).mp3
Dec 22 13:19 : update: added /09 - Automatic B.mp3
Dec 22 13:19 : update: added /10 - Control.mp3
Dec 22 13:19 : update: added /11 - Leave This Club Alone.mp3
Dec 22 13:19 : update: added /12 - Close To Me.mp3
Dec 22 13:19 : update: added /13 - Cinema (Feat. Gary Go) (Skrillex Remix).mp3
Dec 22 13:19 : update: added /14 - All The Way (Live).mp3
Dec 22 13:19 : update: added /14 - Super Bass [Explicit].mp3
Dec 22 13:20 : player_thread: played "C418 - Minecraft - Volume Alpha - 21 Danny.mp3"
Dec 22 13:22 : update: added /Songs for the Cure - Songs for the Cure '11- Esuna - 01 Ebenebe Ga Egbu.mp3
Dec 22 13:22 : update: added /Songs for the Cure - Songs for the Cure '11- Esuna - 02 Light Up the Whole Sky Like Fire.mp3
Dec 22 13:22 : update: added /Songs for the Cure - Songs for the Cure '11- Esuna - 04 The Toll.mp3
Dec 22 13:22 : update: added /Songs for the Cure - Songs for the Cure '11- Reiki - 01 Idavoll.mp3
Dec 22 13:22 : update: added /Songs for the Cure - Songs for the Cure '11- Reiki - 06 Bra.mp3
Dec 22 13:22 : update: added /Songs for the Cure - Songs for the Cure '11- Reiki - 15 So Blue.mp3
Dec 22 13:22 : update: added /Songs for the Cure - Songs for the Cure '11- Remedy - 01 The Battle of Vyazma.mp3
Dec 22 13:22 : update: added /Songs for the Cure - Songs for the Cure '11- Remedy - 02 Roboflamenco.mp3
Dec 22 13:22 : update: added /Songs for the Cure - Songs for the Cure '11- Remedy - 03 Healing Mutations.mp3
Dec 22 13:22 : update: added /Songs for the Cure - Songs for the Cure '11- Remedy - 04 Kite in June.mp3
Dec 22 13:22 : update: added /Songs for the Cure - Songs for the Cure '11- Remedy - 07 The Long-Winded and Painful Death of Sweeney S Greenville.mp3
Dec 22 13:22 : update: added /Songs for the Cure - Songs for the Cure '11- Remedy - 08 Skulltripper (feat. Random).mp3
Dec 22 13:22 : update: added /Songs for the Cure - Songs for the Cure '11- Remedy - 09 64 Squares.mp3
Dec 22 13:22 : update: added /Songs for the Cure - Songs for the Cure '11- Remedy - 10 Keep On.mp3
Dec 22 13:22 : update: added /Songs for the Cure - Songs for the Cure '11- Remedy - 11 Cubic Zirconium.mp3
Dec 22 13:22 : update: added /Songs for the Cure - Songs for the Cure '11- Remedy - 12 Lapis Lazuli.mp3
Dec 22 13:22 : update: added /Songs for the Cure - Songs for the Cure '11- Remedy - 13 Requiem Aeternam (feat. Ryan C. Connelly).mp3
Dec 22 13:22 : update: added /Songs for the Cure - Songs for the Cure '11- Remedy - 14 One Note Edit.mp3
Dec 22 13:22 : update: added /Songs for the Cure - Songs for the Cure '11- Remedy - 15 Mind Eleven.mp3
Dec 22 13:22 : update: added /Songs for the Cure - Songs for the Cure '11- Remedy - 16 Eight Weeks.mp3
Dec 22 13:22 : update: added /Songs for the Cure - Songs for the Cure '11- Remedy - 17 Alba.mp3
Dec 22 13:22 : update: added /Songs for the Cure - Songs for the Cure '11- Remedy - 18 Caustic.mp3
Dec 22 13:22 : update: added /Songs for the Cure - Songs for the Cure '11- Remedy - 19 Rainbow Road to the Moon.mp3
Dec 22 13:22 : update: added /Songs for the Cure - Songs for the Cure '11- Remedy - 20 Flames Grew Higher.mp3
Dec 22 13:22 : update: added /Songs for the Cure - Songs for the Cure '11- Remedy - 21 Alone Without You.mp3
Dec 22 13:22 : update: added /Songs for the Cure - Songs for the Cure '11- Remedy - 22 8-Bit Pimp (Just Pimp 'em Remix).mp3
Dec 22 13:25 : player_thread: played "02 - Scary Monsters And Nice Sprites.mp3"
Dec 22 13:29 : player_thread: played "zircon - Antigravity - 04 Speed of Light.mp3"
Dec 22 13:38 : player_thread: played "Songs for the Cure - Songs for the Cure '11- Remedy - 03 Healing Mutations.mp3"
Dec 22 13:45 : player_thread: played "zircon - Antigravity - 02 Breathing You In -feat. Jillian Goldin-.mp3"
Dec 22 13:53 : player_thread: played "Songs for the Cure - Songs for the Cure '11- Remedy - 15 Mind Eleven.mp3"
Dec 22 13:55 : player_thread: played "Josh Whelchel - Ravenmark- Scourge of Estellion (Original Soundtrack) - 13 Alejo's Theme.mp3"
Dec 22 13:59 : player_thread: played "zircon - Antigravity - 09 Warhead.mp3"
Dec 22 14:03 : player_thread: played "zircon - Antigravity - 13 Antigravity -feat. Jillian Goldin-.mp3"
Dec 22 14:07 : player_thread: played "Songs for the Cure - Songs for the Cure '11- Remedy - 16 Eight Weeks.mp3"
Dec 22 14:10 : player_thread: played "Songs for the Cure - Songs for the Cure '11- Remedy - 18 Caustic.mp3"
Dec 22 14:16 : player_thread: played "Songs for the Cure - Songs for the Cure '11- Remedy - 14 One Note Edit.mp3"
Dec 22 14:22 : player_thread: played "Songs for the Cure - Songs for the Cure '11- Remedy - 07 The Long-Winded and Painful Death of Sweeney S Greenville.mp3"
Dec 22 14:27 : player_thread: played "Songs for the Cure - Songs for the Cure '11- Remedy - 11 Cubic Zirconium.mp3"
Dec 22 14:33 : player_thread: played "Songs for the Cure - Songs for the Cure '11- Reiki - 01 Idavoll.mp3"
Dec 22 14:36 : player_thread: played "Songs for the Cure - Songs for the Cure '11- Remedy - 19 Rainbow Road to the Moon.mp3"
Dec 22 14:40 : player_thread: played "Songs for the Cure - Songs for the Cure '11- Remedy - 12 Lapis Lazuli.mp3"
Dec 22 14:45 : player_thread: played "Songs for the Cure - Songs for the Cure '11- Remedy - 04 Kite in June.mp3"
Dec 22 14:48 : player_thread: played "Songs for the Cure - Songs for the Cure '11- Remedy - 20 Flames Grew Higher.mp3"
Dec 22 14:51 : player_thread: played "Songs for the Cure - Songs for the Cure '11- Remedy - 17 Alba.mp3"
Dec 22 14:56 : player_thread: played "zircon - Antigravity - 06 Mindbender.mp3"
Dec 22 15:00 : player_thread: played "Songs for the Cure - Songs for the Cure '11- Remedy - 02 Roboflamenco.mp3"
Dec 22 15:03 : player_thread: played "Songs for the Cure - Songs for the Cure '11- Remedy - 01 The Battle of Vyazma.mp3"
Dec 22 15:07 : player_thread: played "Songs for the Cure - Songs for the Cure '11- Remedy - 22 8-Bit Pimp (Just Pimp 'em Remix).mp3"
Dec 22 15:10 : player_thread: played "Songs for the Cure - Songs for the Cure '11- Remedy - 08 Skulltripper (feat. Random).mp3"
Dec 22 15:14 : player_thread: played "Songs for the Cure - Songs for the Cure '11- Reiki - 15 So Blue.mp3"
Dec 22 16:05 : player_thread: played "zircon - Antigravity - 02 Breathing You In -feat. Jillian Goldin-.mp3"
Dec 22 16:11 : player_thread: played "06 - House Music.mp3"
Dec 22 16:15 : player_thread: played "11 - Leave This Club Alone.mp3"
Dec 22 16:20 : player_thread: played "13 - Cinema (Feat. Gary Go) (Skrillex Remix).mp3"
Dec 22 16:23 : player_thread: played "12 - Close To Me.mp3"
Dec 22 16:28 : player_thread: played "10 - Control.mp3"
Dec 22 16:31 : player_thread: played "08 - Electroman (Feat. T-Pain) (Clean Radio Edit).mp3"
Dec 22 18:47 : update: added /01 Basique.m4a
Dec 22 18:47 : update: added /01 FML.m4a
Dec 22 18:47 : update: added /01 Genesis.mp3
Dec 22 18:47 : update: added /01 Here We Go.mp3
Dec 22 18:47 : update: added /01 Kaleidoscope (feat. Jónsi).m4a
Dec 22 18:47 : update: added /01 Superior.mp3
Dec 22 18:47 : update: added /01 Upside Down.mp3
Dec 22 18:47 : update: added /01 Woo Boost.mp3
Dec 22 18:47 : update: added /02 Bass Head.mp3
Dec 22 18:47 : update: added /02 Escape Me (feat. C.C. Sheffield).m4a
Dec 22 18:47 : update: added /02 Hold On (ft. Amber Coffman).mp3
Dec 22 18:47 : update: added /02 Jail Bait.mp3
Dec 22 18:47 : update: added /02 Moar Ghosts 'n' Stuff.m4a
Dec 22 18:47 : update: added /02 Moon.m4a
Dec 22 18:47 : update: added /02 Rollz - Plugged In (Bassnectar Re.mp3
Dec 22 18:47 : update: added /02 Salt In the Wounds.mp3
Dec 22 18:47 : update: added /02 Stereo Love.m4a
Dec 22 18:47 : update: added /03 - Blast Off.mp3
Dec 22 18:47 : update: added /03 Ghosts 'n' Stuff (feat. Rob Swire.m4a
Dec 22 18:47 : update: added /03 Gogol Bordello - Immigraniada.mp3
Dec 22 18:47 : update: added /03 Rubadub Shakedown (ft. Rod Azlan).mp3
Dec 22 18:47 : update: added /03 The Music's Not Over.mp3
Dec 22 18:47 : update: added /03 Unsaid.m4a
Dec 22 18:47 : update: added /03 Watercolour.mp3
Dec 22 18:47 : update: added /03 You Are My Diamond (feat. Kianna).m4a
Dec 22 18:47 : update: added /04 Boomerang.mp3
Dec 22 18:47 : update: added /04 Dial My Number.mp3
Dec 22 18:47 : update: added /04 Eitheror.m4a
Dec 22 18:47 : update: added /04 Hi Friend! (feat. MC Flipside).m4a
Dec 22 18:47 : update: added /04 I Will Be Here (feat. Sneaky Soun.m4a
Dec 22 18:47 : update: added /04 Set Me On Fire.mp3
Dec 22 18:47 : update: added /04 Testarossa.mp3
Dec 22 18:47 : update: added /04 Timestretch.mp3
Dec 22 18:47 : update: added /05 Above the Clouds.m4a
Dec 22 18:47 : update: added /05 Bot.m4a
Dec 22 18:47 : update: added /05 Crush.mp3
Dec 22 18:47 : update: added /05 DJ Vadim, La Methode - Maximum (R.mp3
Dec 22 18:47 : update: added /05 Ellie Goulding - Lights (Bassnect.mp3
Dec 22 18:47 : update: added /05 I Am Strong (feat. Priscilla Ahn).m4a
Dec 22 18:47 : update: added /05 I Love You.mp3
Dec 22 18:47 : update: added /06 Bassnectar & ill.Gates - Probable.mp3
Dec 22 18:47 : update: added /06 Breathe Again.m4a
Dec 22 18:47 : update: added /06 Here On Earth (feat. Cary Brother.m4a
Dec 22 18:47 : update: added /06 Kumon Kumon.mp3
Dec 22 18:47 : update: added /06 Timestretch (West Coast Lo Fi Rem.mp3
Dec 22 18:47 : update: added /06 Under the Waves.mp3
Dec 22 18:47 : update: added /06 Word Problems.m4a
Dec 22 18:47 : update: added /07 Always Near.m4a
Dec 22 18:47 : update: added /07 - Bass Head (SPL Remix).mp3
Dec 22 18:47 : update: added /07 Bassnectar & Jantsen - Red Step.mp3
Dec 22 18:47 : update: added /07 Immunize (feat. Liam Howlett).mp3
Dec 22 18:47 : update: added /07 Intermezzo.m4a
Dec 22 18:47 : update: added /07 Scareware.mp3
Dec 22 18:47 : update: added /07 Soma.m4a
Dec 22 18:47 : update: added /08 - Bass Head (MRK1 Remix).mp3
Dec 22 18:47 : update: added /08 Idiom.m4a
Dec 22 18:47 : update: added /08 It's Not the Things You Say (feat.m4a
Dec 22 18:47 : update: added /08 Lack of a Better Name.m4a
Dec 22 18:47 : update: added /08 Raver's Special.mp3
Dec 22 18:47 : update: added /08 The Game Has Changed.m4a
Dec 22 18:47 : update: added /08 The Island, Pt. I (Dawn).mp3
Dec 22 18:47 : update: added /08 The Matrix.mp3
Dec 22 18:47 : update: added /09 Feels So Real (ft. Ben Westbeech).mp3
Dec 22 18:47 : update: added /09 Fresh Fruit.m4a
Dec 22 18:47 : update: added /09 Inutile Et Indispensable.m4a
Dec 22 18:47 : update: added /09 The 16th Hour.m4a
Dec 22 18:47 : update: added /09 The Island, Pt. II (Dusk).mp3
Dec 22 18:47 : update: added /09 Voodoo.mp3
Dec 22 18:47 : update: added /10 Century (feat. Calvin Harris).m4a
Dec 22 18:47 : update: added /10 Comprachicos.mp3
Dec 22 18:47 : update: added /10 Heads Up [2011 Version].mp3
Dec 22 18:47 : update: added /10 Last Fare.m4a
Dec 22 18:47 : update: added /10 Strobe.m4a
Dec 22 18:47 : update: added /10 You're On My Mind Baby.mp3
Dec 22 18:47 : update: added /11 Feel It In My Bones (feat. Tegan.m4a
Dec 22 18:47 : update: added /11 Fisticuffs At Dawn.m4a
Dec 22 18:47 : update: added /11 Ghosts 'n' Stuff (Nero Remix) [Bo.m4a
Dec 22 18:47 : update: added /11 Got Da Groove (ft. Gucci Mane).mp3
Dec 22 18:47 : update: added /11 Paging Stereophonic.mp3
Dec 22 18:47 : update: added /11 The Vulture.mp3
Dec 22 18:47 : update: added /12 Bassnectar & Seth Drake - Above &.mp3
Dec 22 18:47 : update: added /12 Behind Closed Doors (Edit).m4a
Dec 22 18:47 : update: added /12 Oy (ft. Crookers).mp3
Dec 22 18:47 : update: added /12 Who Wants to Be Alone (feat. Nell.m4a
Dec 22 18:47 : update: added /12 Witchcraft.mp3
Dec 22 18:47 : update: added /13 LA Ride.m4a
Dec 22 18:47 : update: added /13 My Mouth.mp3
Dec 22 18:47 : update: added /13 Parade Into Centuries.mp3
Dec 22 18:47 : update: added /13 Self vs. Self (feat. In Flames).mp3
Dec 22 18:47 : update: added /13 Start Shootin'.m4a
Dec 22 18:47 : update: added /14 After Thought.mp3
Dec 22 18:47 : update: added /14 Bend It Like You Don't Care.m4a
Dec 22 18:47 : update: added /14 District Line.mp3
Dec 22 18:47 : update: added /14 Gravitas.m4a
Dec 22 18:47 : update: added /14 The Fountain (feat. Steven Wilson.mp3
Dec 22 18:47 : update: added /15 Encoder.mp3
Dec 22 18:47 : update: added /15 Knock You Out (feat. Emily Haines.m4a
Dec 22 18:47 : update: added /16 Louder Than Boom.m4a
Dec 22 18:47 : update: added /17 Surrounded By Light.m4a
Dec 22 18:47 : update: added /18 Organised Chaos (Bonus Track).m4a
Dec 22 18:47 : update: added /19 Bad Behavior (feat. Dizzee Rascal.m4a
Dec 22 18:56 : player_thread: played "01 Kaleidoscope (feat. Jónsi).m4a"
Dec 22 18:57 : player_thread: played "07 Always Near.m4a"
Dec 22 19:01 : player_thread: played "02 Escape Me (feat. C.C. Sheffield).m4a"
Dec 22 19:07 : player_thread: played "15 Knock You Out (feat. Emily Haines.m4a"
Dec 22 19:12 : player_thread: played "09 Fresh Fruit.m4a"
Dec 22 19:15 : player_thread: played "08 It's Not the Things You Say (feat.m4a"
Dec 22 19:18 : player_thread: played "14 Bend It Like You Don't Care.m4a"
Dec 22 19:22 : player_thread: played "04 I Will Be Here (feat. Sneaky Soun.m4a"
Dec 22 19:26 : player_thread: played "19 Bad Behavior (feat. Dizzee Rascal.m4a"
Dec 22 19:31 : player_thread: played "11 Feel It In My Bones (feat. Tegan.m4a"
Dec 22 19:36 : player_thread: played "18 Organised Chaos (Bonus Track).m4a"
Dec 22 19:41 : player_thread: played "12 Who Wants to Be Alone (feat. Nell.m4a"
Dec 22 19:46 : player_thread: played "05 I Am Strong (feat. Priscilla Ahn).m4a"
Dec 22 19:50 : player_thread: played "03 You Are My Diamond (feat. Kianna).m4a"
Dec 22 19:53 : player_thread: played "17 Surrounded By Light.m4a"
Dec 22 19:57 : player_thread: played "16 Louder Than Boom.m4a"
Dec 22 20:01 : player_thread: played "10 Century (feat. Calvin Harris).m4a"
Dec 22 20:06 : player_thread: played "06 Here On Earth (feat. Cary Brother.m4a"
Dec 22 20:10 : player_thread: played "13 LA Ride.m4a"
Dec 22 20:15 : player_thread: played "02 Escape Me (feat. C.C. Sheffield).m4a"
Dec 22 20:20 : player_thread: played "06 Here On Earth (feat. Cary Brother.m4a"
Dec 22 20:24 : player_thread: played "11 Feel It In My Bones (feat. Tegan.m4a"
Dec 22 20:28 : player_thread: played "13 LA Ride.m4a"
Dec 22 21:09 : avahi: Client Disconnected, will reconnect shortly
Dec 22 21:09 : avahi: Could not reconnect: Daemon not running
Dec 23 15:22 : player_thread: played "01 Genesis.mp3"
Dec 23 15:26 : player_thread: played "11 The Vulture.mp3"
Dec 23 15:31 : player_thread: played "03 Watercolour.mp3"
Dec 23 15:36 : player_thread: played "01 Genesis.mp3"
Dec 23 15:41 : player_thread: played "14 The Fountain (feat. Steven Wilson.mp3"
Dec 23 15:45 : player_thread: played "09 The Island, Pt. II (Dusk).mp3"
Dec 23 15:50 : player_thread: played "07 Immunize (feat. Liam Howlett).mp3"
Dec 23 15:55 : player_thread: played "04 Set Me On Fire.mp3"
Dec 23 16:00 : player_thread: played "06 Under the Waves.mp3"
Dec 23 16:05 : player_thread: played "15 Encoder.mp3"
Dec 23 16:10 : player_thread: played "03 Watercolour.mp3"
Dec 23 16:16 : player_thread: played "02 Salt In the Wounds.mp3"
Dec 23 16:19 : player_thread: played "10 Comprachicos.mp3"
Dec 23 16:23 : player_thread: played "05 Crush.mp3"
Dec 23 16:28 : player_thread: played "13 Self vs. Self (feat. In Flames).mp3"
Dec 23 16:33 : player_thread: played "08 The Island, Pt. I (Dawn).mp3"
Dec 23 16:37 : player_thread: played "12 Witchcraft.mp3"
Dec 23 16:41 : player_thread: played "11 The Vulture.mp3"
Dec 23 16:45 : player_thread: played "11 The Vulture.mp3"
Dec 23 16:46 : player_thread: played "01 Genesis.mp3"
Dec 23 16:51 : player_thread: played "06 Under the Waves.mp3"
Dec 23 16:56 : player_thread: played "04 Set Me On Fire.mp3"
Dec 23 18:42 : player_thread: played "04 Set Me On Fire.mp3"
Dec 23 18:47 : player_thread: played "03 Watercolour.mp3"
Dec 23 18:51 : player_thread: played "05 Crush.mp3"
Dec 23 18:56 : player_thread: played "06 Under the Waves.mp3"
Dec 23 19:00 : player_thread: played "01 Superior.mp3"
Dec 23 19:04 : player_thread: played "04 Testarossa.mp3"
Dec 23 19:08 : player_thread: played "13 My Mouth.mp3"
Dec 23 19:13 : player_thread: played "08 Raver's Special.mp3"
Dec 23 19:16 : player_thread: played "03 Rubadub Shakedown (ft. Rod Azlan).mp3"
Dec 23 19:19 : player_thread: played "05 I Love You.mp3"
Dec 23 19:24 : player_thread: played "01 Woo Boost.mp3"
Dec 23 19:27 : player_thread: played "10 You're On My Mind Baby.mp3"
Dec 23 19:30 : player_thread: played "02 Jail Bait.mp3"
Dec 23 19:33 : player_thread: played "06 Kumon Kumon.mp3"
Dec 23 19:37 : player_thread: played "12 Oy (ft. Crookers).mp3"
Dec 23 19:42 : player_thread: played "04 Dial My Number.mp3"
Dec 23 19:45 : player_thread: played "11 Got Da Groove (ft. Gucci Mane).mp3"
Dec 23 19:50 : player_thread: played "03 The Music's Not Over.mp3"
Dec 23 19:55 : player_thread: played "02 Hold On (ft. Amber Coffman).mp3"
Dec 23 19:59 : player_thread: played "07 Scareware.mp3"
Dec 23 20:04 : player_thread: played "14 District Line.mp3"
Dec 23 20:07 : player_thread: played "09 Feels So Real (ft. Ben Westbeech).mp3"
Dec 23 20:11 : player_thread: played "09 Feels So Real (ft. Ben Westbeech).mp3"
Dec 23 20:14 : player_thread: played "03 Rubadub Shakedown (ft. Rod Azlan).mp3"
Dec 23 20:19 : player_thread: played "04 Dial My Number.mp3"
Dec 23 20:23 : player_thread: played "04 Testarossa.mp3"
Dec 23 20:28 : player_thread: played "07 Scareware.mp3"
Dec 23 20:31 : player_thread: played "05 I Love You.mp3"
Dec 23 20:35 : player_thread: played "13 My Mouth.mp3"
Dec 23 20:39 : player_thread: played "10 You're On My Mind Baby.mp3"
Dec 23 20:43 : player_thread: played "12 Oy (ft. Crookers).mp3"
Dec 23 20:46 : player_thread: played "11 Got Da Groove (ft. Gucci Mane).mp3"
Dec 23 20:51 : player_thread: played "14 District Line.mp3"
Dec 23 20:55 : player_thread: played "01 Woo Boost.mp3"
Dec 23 20:59 : player_thread: played "08 Raver's Special.mp3"
Dec 23 21:02 : player_thread: played "01 Superior.mp3"
Dec 23 21:06 : player_thread: played "06 Kumon Kumon.mp3"
Dec 23 21:10 : player_thread: played "03 The Music's Not Over.mp3"
Dec 24 02:53 : avahi: Client Disconnected, will reconnect shortly
Dec 24 02:53 : avahi: Could not reconnect: Daemon not running
Dec 24 18:37 : avahi: Client Disconnected, will reconnect shortly
Dec 24 18:37 : avahi: Could not reconnect: Daemon not running
Dec 24 23:15 : avahi: Client Disconnected, will reconnect shortly
Dec 24 23:15 : avahi: Could not reconnect: Daemon not running
Dec 24 23:35 : avahi: Client Disconnected, will reconnect shortly
Dec 24 23:35 : avahi: Could not reconnect: Daemon not running
Dec 24 23:59 : avahi: Client Disconnected, will reconnect shortly
Dec 24 23:59 : avahi: Could not reconnect: Daemon not running
Dec 25 00:08 : avahi: Client Disconnected, will reconnect shortly
Dec 25 00:08 : avahi: Could not reconnect: Daemon not running
Dec 25 00:30 : avahi: Client Disconnected, will reconnect shortly
Dec 25 00:30 : avahi: Could not reconnect: Daemon not running
Dec 25 00:39 : avahi: Client Disconnected, will reconnect shortly
Dec 25 00:39 : avahi: Could not reconnect: Daemon not running
Dec 25 01:46 : player_thread: played "01 - Good Girl.mp3"
Dec 25 01:51 : player_thread: played "13 - Cinema (Feat. Gary Go) (Skrillex Remix).mp3"
Dec 25 01:55 : player_thread: played "14 - All The Way (Live).mp3"
Dec 25 01:58 : player_thread: played "11 - Leave This Club Alone.mp3"
Dec 25 02:01 : player_thread: played "12 - Close To Me.mp3"
Dec 25 02:05 : player_thread: played "06 - House Music.mp3"
Dec 25 10:51 : avahi: Client Disconnected, will reconnect shortly
Dec 25 10:51 : avahi: Could not reconnect: Daemon not running
Dec 25 11:19 : avahi: Client Disconnected, will reconnect shortly
Dec 25 11:19 : avahi: Could not reconnect: Daemon not running
Dec 25 12:00 : avahi: Client Disconnected, will reconnect shortly
Dec 25 12:00 : avahi: Could not reconnect: Daemon not running
Dec 25 12:09 : player_thread: played "01 - Good Girl.mp3"
Dec 25 12:13 : player_thread: played "03 - Spaceship (UK Radio Edit).mp3"
Dec 25 12:28 : player_thread: played "C418 - Minecraft - Volume Alpha - 21 Danny.mp3"
Dec 25 12:31 : player_thread: played "10 - Control.mp3"
Dec 25 12:32 : player_thread: played "C418 - Minecraft - Volume Alpha - 04 Death.mp3"
Dec 25 12:35 : avahi: Client Disconnected, will reconnect shortly
Dec 25 12:35 : avahi: Could not reconnect: Daemon not running
Dec 25 12:44 : player_thread: played "07 - Cinema (Feat. Gary Go) (Radio Edit).mp3"
Dec 25 12:45 : player_thread: played "C418 - Minecraft - Volume Alpha - 04 Death.mp3"
Dec 25 16:02 : player_thread: played "01 - Good Girl.mp3"
